<?xml version="1.0" encoding="UTF-8"?>
<testsuite xmlns:xsi="http://www.w3.org/2001/XMLSchema-instance" xsi:noNamespaceSchemaLocation="https://maven.apache.org/surefire/maven-surefire-plugin/xsd/surefire-test-report.xsd" version="3.0.1" name="com.stockage.client.MerkleDAGTest" time="0.032" tests="3" errors="0" skipped="0" failures="0">
  <properties>
[...]
</properties>
  <testcase name="cidChangesWithData" classname="com.stockage.client.MerkleDAGTest" time="0.009"/>
  <testcase name="cidIsDeterministic" classname="com.stockage.client.MerkleDAGTest" time="0.001"/>
  <testcase name="splitAndRebuild" classname="com.stockage.client.MerkleDAGTest" time="0.019"/>
</testsuite>